# JRE version: OpenJDK Runtime Environment Temurin-17.0.15+6 (17.0.15+6) (build 17.0.15+6)
# Java VM: OpenJDK 64-Bit Server VM Temurin-17.0.15+6 (17.0.15+6, mixed mode, sharing, tiered, compressed oops, compressed class ptrs, g1 gc, windows-amd64)
GC Precious Log:
 CPUs: 12 total, 12 available
 Memory: 7832M
 Large Page Support: Disabled
 NUMA Support: Disabled
 Compressed Oops: Enabled (Zero based)
 Heap Region Size: 4M
 Heap Min Capacity: 8M
 Heap Initial Capacity: 124M
 Heap Max Capacity: 8G
 Pre-touch: Disabled
 Parallel Workers: 10
 Concurrent Workers: 3
 Concurrent Refinement Workers: 10
 Periodic GC: Disabled
Heap:
 garbage-first heap   total 1122304K, used 615515K [0x0000000600000000, 0x0000000800000000)
  region size 4096K, 2 young (8192K), 2 survivors (8192K)
 Metaspace       used 173524K, committed 175488K, reserved 1245184K
  class space    used 22789K, committed 23680K, reserved 1048576K
GC Heap History (20 events):
Event: 113.686 GC heap after
{Heap after GC invocations=52 (full 0):
 garbage-first heap   total 671744K, used 322105K [0x0000000600000000, 0x0000000800000000)
  region size 4096K, 4 young (16384K), 4 survivors (16384K)
 Metaspace       used 158490K, committed 160576K, reserved 1245184K
  class space    used 20458K, committed 21376K, reserved 1048576K
}
Event: 116.766 GC heap before
{Heap before GC invocations=52 (full 0):
 garbage-first heap   total 671744K, used 596537K [0x0000000600000000, 0x0000000800000000)
  region size 4096K, 62 young (253952K), 4 survivors (16384K)
 Metaspace       used 163441K, committed 165504K, reserved 1245184K
  class space    used 21148K, committed 22080K, reserved 1048576K
}
Event: 116.789 GC heap after
{Heap after GC invocations=53 (full 0):
 garbage-first heap   total 671744K, used 359414K [0x0000000600000000, 0x0000000800000000)
  region size 4096K, 8 young (32768K), 8 survivors (32768K)
 Metaspace       used 163441K, committed 165504K, reserved 1245184K
  class space    used 21148K, committed 22080K, reserved 1048576K
}
Event: 117.217 GC heap before
{Heap before GC invocations=53 (full 0):
 garbage-first heap   total 671744K, used 531446K [0x0000000600000000, 0x0000000800000000)
  region size 4096K, 50 young (204800K), 8 survivors (32768K)
 Metaspace       used 165183K, committed 167296K, reserved 1245184K
  class space    used 21385K, committed 22336K, reserved 1048576K
}
Event: 117.269 GC heap after
{Heap after GC invocations=54 (full 0):
 garbage-first heap   total 671744K, used 396256K [0x0000000600000000, 0x0000000800000000)
  region size 4096K, 7 young (28672K), 7 survivors (28672K)
 Metaspace       used 165183K, committed 167296K, reserved 1245184K
  class space    used 21385K, committed 22336K, reserved 1048576K
}
Event: 117.517 GC heap before
{Heap before GC invocations=54 (full 0):
 garbage-first heap   total 671744K, used 531424K [0x0000000600000000, 0x0000000800000000)
  region size 4096K, 41 young (167936K), 7 survivors (28672K)
 Metaspace       used 165212K, committed 167296K, reserved 1245184K
  class space    used 21387K, committed 22336K, reserved 1048576K
}
Event: 117.577 GC heap after
{Heap after GC invocations=55 (full 0):
 garbage-first heap   total 1122304K, used 429756K [0x0000000600000000, 0x0000000800000000)
  region size 4096K, 6 young (24576K), 6 survivors (24576K)
 Metaspace       used 165212K, committed 167296K, reserved 1245184K
  class space    used 21387K, committed 22336K, reserved 1048576K
}
Event: 121.007 GC heap before
{Heap before GC invocations=55 (full 0):
 garbage-first heap   total 1122304K, used 822972K [0x0000000600000000, 0x0000000800000000)
  region size 4096K, 103 young (421888K), 6 survivors (24576K)
 Metaspace       used 168522K, committed 170624K, reserved 1245184K
  class space    used 21848K, committed 22784K, reserved 1048576K
}
Event: 121.119 GC heap after
{Heap after GC invocations=56 (full 0):
 garbage-first heap   total 1122304K, used 507031K [0x0000000600000000, 0x0000000800000000)
  region size 4096K, 13 young (53248K), 13 survivors (53248K)
 Metaspace       used 168522K, committed 170624K, reserved 1245184K
  class space    used 21848K, committed 22784K, reserved 1048576K
}
Event: 122.718 GC heap before
{Heap before GC invocations=56 (full 0):
 garbage-first heap   total 1122304K, used 851095K [0x0000000600000000, 0x0000000800000000)
  region size 4096K, 93 young (380928K), 13 survivors (53248K)
 Metaspace       used 171892K, committed 174016K, reserved 1245184K
  class space    used 22269K, committed 23168K, reserved 1048576K
}
Event: 122.772 GC heap after
{Heap after GC invocations=57 (full 0):
 garbage-first heap   total 1122304K, used 533506K [0x0000000600000000, 0x0000000800000000)
  region size 4096K, 4 young (16384K), 4 survivors (16384K)
 Metaspace       used 171892K, committed 174016K, reserved 1245184K
  class space    used 22269K, committed 23168K, reserved 1048576K
}
Event: 125.869 GC heap before
{Heap before GC invocations=58 (full 0):
 garbage-first heap   total 1122304K, used 865282K [0x0000000600000000, 0x0000000800000000)
  region size 4096K, 85 young (348160K), 4 survivors (16384K)
 Metaspace       used 170069K, committed 173120K, reserved 1245184K
  class space    used 22192K, committed 23296K, reserved 1048576K
}
Event: 125.909 GC heap after
{Heap after GC invocations=59 (full 0):
 garbage-first heap   total 1122304K, used 565495K [0x0000000600000000, 0x0000000800000000)
  region size 4096K, 11 young (45056K), 11 survivors (45056K)
 Metaspace       used 170069K, committed 173120K, reserved 1245184K
  class space    used 22192K, committed 23296K, reserved 1048576K
}
Event: 125.977 GC heap before
{Heap before GC invocations=59 (full 0):
 garbage-first heap   total 1122304K, used 573687K [0x0000000600000000, 0x0000000800000000)
  region size 4096K, 13 young (53248K), 11 survivors (45056K)
 Metaspace       used 170069K, committed 173120K, reserved 1245184K
  class space    used 22192K, committed 23296K, reserved 1048576K
}
Event: 126.015 GC heap after
{Heap after GC invocations=60 (full 0):
 garbage-first heap   total 1122304K, used 564803K [0x0000000600000000, 0x0000000800000000)
  region size 4096K, 2 young (8192K), 2 survivors (8192K)
 Metaspace       used 170069K, committed 173120K, reserved 1245184K
  class space    used 22192K, committed 23296K, reserved 1048576K
}
Event: 128.227 GC heap before
{Heap before GC invocations=60 (full 0):
 garbage-first heap   total 1122304K, used 884291K [0x0000000600000000, 0x0000000800000000)
  region size 4096K, 80 young (327680K), 2 survivors (8192K)
 Metaspace       used 173243K, committed 175232K, reserved 1245184K
  class space    used 22748K, committed 23616K, reserved 1048576K
}
Event: 128.256 GC heap after
{Heap after GC invocations=61 (full 0):
 garbage-first heap   total 1122304K, used 592296K [0x0000000600000000, 0x0000000800000000)
  region size 4096K, 9 young (36864K), 9 survivors (36864K)
 Metaspace       used 173243K, committed 175232K, reserved 1245184K
  class space    used 22748K, committed 23616K, reserved 1048576K
}
Event: 129.779 GC heap before
{Heap before GC invocations=62 (full 0):
 garbage-first heap   total 1122304K, used 895400K [0x0000000600000000, 0x0000000800000000)
  region size 4096K, 83 young (339968K), 9 survivors (36864K)
 Metaspace       used 173524K, committed 175488K, reserved 1245184K
  class space    used 22789K, committed 23680K, reserved 1048576K
}
Event: 129.823 GC heap after
{Heap after GC invocations=63 (full 0):
 garbage-first heap   total 1122304K, used 619929K [0x0000000600000000, 0x0000000800000000)
  region size 4096K, 8 young (32768K), 8 survivors (32768K)
 Metaspace       used 173524K, committed 175488K, reserved 1245184K
  class space    used 22789K, committed 23680K, reserved 1048576K
}
Event: 129.905 GC heap before
{Heap before GC invocations=63 (full 0):
 garbage-first heap   total 1122304K, used 640409K [0x0000000600000000, 0x0000000800000000)
  region size 4096K, 13 young (53248K), 8 survivors (32768K)
 Metaspace       used 173524K, committed 175488K, reserved 1245184K
  class space    used 22789K, committed 23680K, reserved 1048576K
}

